<?xml version="1.0" encoding="UTF-8"?>
<testsuite name="Automation" tests="1" skipped="0" failures="0" errors="0" timestamp="2021-01-17T17:19:08" hostname="S38391CAM5W10" time="8.307">
  <properties/>
  <testcase name="testUno" classname="Automation" time="8.307"/>
  <system-out><![CDATA[]]></system-out>
  <system-err><![CDATA[Starting ChromeDriver 87.0.4280.88 (89e2380a3e36c3464b5dd1302349b1382549290d-refs/branch-heads/4280@{#1761}) on port 23750
Only local connections are allowed.
Please see https://chromedriver.chromium.org/security-considerations for suggestions on keeping ChromeDriver safe.
ChromeDriver was started successfully.
ene 17, 2021 12:19:05 PM org.openqa.selenium.remote.ProtocolHandshake createSession
INFORMACIÓN: Detected dialect: W3C
]]></system-err>
</testsuite>
